  main.cpp
e:\lelouch\little_lelouch_01\little_lelouch_01\lelouch\lelouch\knowledge.h(343): warning C4838: conversion from 'unsigned __int64' to '__int64' requires a narrowing conversion
e:\lelouch\little_lelouch_01\little_lelouch_01\lelouch\lelouch\knowledge.h(351): warning C4838: conversion from 'unsigned __int64' to '__int64' requires a narrowing conversion
e:\lelouch\little_lelouch_01\little_lelouch_01\lelouch\lelouch\main.cpp(35): warning C4267: '+=': conversion from 'size_t' to 'int', possible loss of data
  Move.cpp
e:\lelouch\little_lelouch_01\little_lelouch_01\lelouch\lelouch\knowledge.h(343): warning C4838: conversion from 'unsigned __int64' to '__int64' requires a narrowing conversion
e:\lelouch\little_lelouch_01\little_lelouch_01\lelouch\lelouch\knowledge.h(351): warning C4838: conversion from 'unsigned __int64' to '__int64' requires a narrowing conversion
  Helpers.cpp
e:\lelouch\little_lelouch_01\little_lelouch_01\lelouch\lelouch\knowledge.h(343): warning C4838: conversion from 'unsigned __int64' to '__int64' requires a narrowing conversion
e:\lelouch\little_lelouch_01\little_lelouch_01\lelouch\lelouch\knowledge.h(351): warning C4838: conversion from 'unsigned __int64' to '__int64' requires a narrowing conversion
e:\lelouch\little_lelouch_01\little_lelouch_01\lelouch\lelouch\helpers.cpp(100): warning C4267: 'initializing': conversion from 'size_t' to 'int', possible loss of data
e:\lelouch\little_lelouch_01\little_lelouch_01\lelouch\lelouch\helpers.cpp(104): warning C4267: 'initializing': conversion from 'size_t' to 'int', possible loss of data
  Generating Code...
  Skipping... (no relevant changes detected)
  Board.cpp
Helpers.obj : error LNK2005: "int * Board120" (?Board120@@3PAHA) already defined in Board.obj
Helpers.obj : error LNK2005: "int * Board64" (?Board64@@3PAHA) already defined in Board.obj
Helpers.obj : error LNK2005: "unsigned __int64 * CastleKeys" (?CastleKeys@@3PA_KA) already defined in Board.obj
Helpers.obj : error LNK2005: "unsigned __int64 Center" (?Center@@3_KA) already defined in Board.obj
Helpers.obj : error LNK2005: "unsigned __int64 ExtendedCenter" (?ExtendedCenter@@3_KA) already defined in Board.obj
Helpers.obj : error LNK2005: "int OffBoard" (?OffBoard@@3HA) already defined in Board.obj
Helpers.obj : error LNK2005: "int NodesNumber" (?NodesNumber@@3HA) already defined in Board.obj
Helpers.obj : error LNK2005: "int PushingPawnBonusEndGame" (?PushingPawnBonusEndGame@@3HA) already defined in Board.obj
Helpers.obj : error LNK2005: "long NODES" (?NODES@@3JA) already defined in Board.obj
Helpers.obj : error LNK2005: "float ALLTIME" (?ALLTIME@@3MA) already defined in Board.obj
Helpers.obj : error LNK2005: "bool Out" (?Out@@3_NA) already defined in Board.obj
Helpers.obj : error LNK2005: "bool FirstTime" (?FirstTime@@3_NA) already defined in Board.obj
Helpers.obj : error LNK2005: "bool NewGame" (?NewGame@@3_NA) already defined in Board.obj
Helpers.obj : error LNK2005: "bool Right" (?Right@@3_NA) already defined in Board.obj
Helpers.obj : error LNK2005: "bool once" (?once@@3_NA) already defined in Board.obj
Helpers.obj : error LNK2005: "unsigned __int64 (* PiecesHashKeysRandomNumbers)[120]" (?PiecesHashKeysRandomNumbers@@3PAY0HI@_KA) already defined in Board.obj
Helpers.obj : error LNK2005: "int * PiecesValues" (?PiecesValues@@3PAHA) already defined in Board.obj
Helpers.obj : error LNK2005: "int * PiecesColor" (?PiecesColor@@3PAHA) already defined in Board.obj
Helpers.obj : error LNK2005: "int * IsRookQueen" (?IsRookQueen@@3PAHA) already defined in Board.obj
Helpers.obj : error LNK2005: "int * IsKnight" (?IsKnight@@3PAHA) already defined in Board.obj
Helpers.obj : error LNK2005: "int * IsBishopQueen" (?IsBishopQueen@@3PAHA) already defined in Board.obj
Helpers.obj : error LNK2005: "int * IsKing" (?IsKing@@3PAHA) already defined in Board.obj
Helpers.obj : error LNK2005: "int * PiecesSLides" (?PiecesSLides@@3PAHA) already defined in Board.obj
Helpers.obj : error LNK2005: "int * SquaresAndTheirRanks" (?SquaresAndTheirRanks@@3PAHA) already defined in Board.obj
Helpers.obj : error LNK2005: "int * SquaresAndTheirFiles" (?SquaresAndTheirFiles@@3PAHA) already defined in Board.obj
Helpers.obj : error LNK2005: "int * AllDirsSizes" (?AllDirsSizes@@3PAHA) already defined in Board.obj
Helpers.obj : error LNK2005: "int (* AllDirs)[8]" (?AllDirs@@3PAY07HA) already defined in Board.obj
Helpers.obj : error LNK2005: "short (* HistoryMoves)[64]" (?HistoryMoves@@3PAY0EA@FA) already defined in Board.obj
Helpers.obj : error LNK2005: "short (* AllPiecesTable)[64]" (?AllPiecesTable@@3PAY0EA@FA) already defined in Board.obj
Helpers.obj : error LNK2005: "short * WhiteKingTableEndGame" (?WhiteKingTableEndGame@@3PAFA) already defined in Board.obj
Helpers.obj : error LNK2005: "short * BlackKingTableEndGame" (?BlackKingTableEndGame@@3PAFA) already defined in Board.obj
Helpers.obj : error LNK2005: "short * BitReverseTable256" (?BitReverseTable256@@3PAFA) already defined in Board.obj
Helpers.obj : error LNK2005: "__int64 * RanksBitBoard" (?RanksBitBoard@@3PA_JA) already defined in Board.obj
Helpers.obj : error LNK2005: "__int64 * FilesBitBoard" (?FilesBitBoard@@3PA_JA) already defined in Board.obj
Helpers.obj : error LNK2005: "__int64 * DiagonalBitBoard" (?DiagonalBitBoard@@3PA_JA) already defined in Board.obj
Helpers.obj : error LNK2005: "__int64 * AntiDiagonalBitBoard" (?AntiDiagonalBitBoard@@3PA_JA) already defined in Board.obj
Helpers.obj : error LNK2005: "class std::basic_string<char,struct std::char_traits<char>,class std::allocator<char> > FENstring" (?FENstring@@3V?$basic_string@DU?$char_traits@D@std@@V?$allocator@D@2@@std@@A) already defined in Board.obj
Helpers.obj : error LNK2005: "class std::basic_string<char,struct std::char_traits<char>,class std::allocator<char> > last" (?last@@3V?$basic_string@DU?$char_traits@D@std@@V?$allocator@D@2@@std@@A) already defined in Board.obj
Helpers.obj : error LNK2005: "class std::unordered_map<unsigned __int64,class BestMoveDataObject,struct std::hash<unsigned __int64>,struct std::equal_to<unsigned __int64>,class std::allocator<struct std::pair<unsigned __int64 const ,class BestMoveDataObject> > > BestMoveData" (?BestMoveData@@3V?$unordered_map@_KVBestMoveDataObject@@U?$hash@_K@std@@U?$equal_to@_K@3@V?$allocator@U?$pair@$$CB_KVBestMoveDataObject@@@std@@@3@@std@@A) already defined in Board.obj
Helpers.obj : error LNK2005: "class std::unordered_map<unsigned __int64,short,struct std::hash<unsigned __int64>,struct std::equal_to<unsigned __int64>,class std::allocator<struct std::pair<unsigned __int64 const ,short> > > CastlingData" (?CastlingData@@3V?$unordered_map@_KFU?$hash@_K@std@@U?$equal_to@_K@2@V?$allocator@U?$pair@$$CB_KF@std@@@2@@std@@A) already defined in Board.obj
main.obj : error LNK2005: "int * Board120" (?Board120@@3PAHA) already defined in Board.obj
main.obj : error LNK2005: "int * Board64" (?Board64@@3PAHA) already defined in Board.obj
main.obj : error LNK2005: "unsigned __int64 * CastleKeys" (?CastleKeys@@3PA_KA) already defined in Board.obj
main.obj : error LNK2005: "unsigned __int64 Center" (?Center@@3_KA) already defined in Board.obj
main.obj : error LNK2005: "unsigned __int64 ExtendedCenter" (?ExtendedCenter@@3_KA) already defined in Board.obj
main.obj : error LNK2005: "int OffBoard" (?OffBoard@@3HA) already defined in Board.obj
main.obj : error LNK2005: "int NodesNumber" (?NodesNumber@@3HA) already defined in Board.obj
main.obj : error LNK2005: "int PushingPawnBonusEndGame" (?PushingPawnBonusEndGame@@3HA) already defined in Board.obj
main.obj : error LNK2005: "long NODES" (?NODES@@3JA) already defined in Board.obj
main.obj : error LNK2005: "float ALLTIME" (?ALLTIME@@3MA) already defined in Board.obj
main.obj : error LNK2005: "bool Out" (?Out@@3_NA) already defined in Board.obj
main.obj : error LNK2005: "bool FirstTime" (?FirstTime@@3_NA) already defined in Board.obj
main.obj : error LNK2005: "bool NewGame" (?NewGame@@3_NA) already defined in Board.obj
main.obj : error LNK2005: "bool Right" (?Right@@3_NA) already defined in Board.obj
main.obj : error LNK2005: "bool once" (?once@@3_NA) already defined in Board.obj
main.obj : error LNK2005: "unsigned __int64 (* PiecesHashKeysRandomNumbers)[120]" (?PiecesHashKeysRandomNumbers@@3PAY0HI@_KA) already defined in Board.obj
main.obj : error LNK2005: "int * PiecesValues" (?PiecesValues@@3PAHA) already defined in Board.obj
main.obj : error LNK2005: "int * PiecesColor" (?PiecesColor@@3PAHA) already defined in Board.obj
main.obj : error LNK2005: "int * IsRookQueen" (?IsRookQueen@@3PAHA) already defined in Board.obj
main.obj : error LNK2005: "int * IsKnight" (?IsKnight@@3PAHA) already defined in Board.obj
main.obj : error LNK2005: "int * IsBishopQueen" (?IsBishopQueen@@3PAHA) already defined in Board.obj
main.obj : error LNK2005: "int * IsKing" (?IsKing@@3PAHA) already defined in Board.obj
main.obj : error LNK2005: "int * PiecesSLides" (?PiecesSLides@@3PAHA) already defined in Board.obj
main.obj : error LNK2005: "int * SquaresAndTheirRanks" (?SquaresAndTheirRanks@@3PAHA) already defined in Board.obj
main.obj : error LNK2005: "int * SquaresAndTheirFiles" (?SquaresAndTheirFiles@@3PAHA) already defined in Board.obj
main.obj : error LNK2005: "int * AllDirsSizes" (?AllDirsSizes@@3PAHA) already defined in Board.obj
main.obj : error LNK2005: "int (* AllDirs)[8]" (?AllDirs@@3PAY07HA) already defined in Board.obj
main.obj : error LNK2005: "short (* HistoryMoves)[64]" (?HistoryMoves@@3PAY0EA@FA) already defined in Board.obj
main.obj : error LNK2005: "short (* AllPiecesTable)[64]" (?AllPiecesTable@@3PAY0EA@FA) already defined in Board.obj
main.obj : error LNK2005: "short * WhiteKingTableEndGame" (?WhiteKingTableEndGame@@3PAFA) already defined in Board.obj
main.obj : error LNK2005: "short * BlackKingTableEndGame" (?BlackKingTableEndGame@@3PAFA) already defined in Board.obj
main.obj : error LNK2005: "short * BitReverseTable256" (?BitReverseTable256@@3PAFA) already defined in Board.obj
main.obj : error LNK2005: "__int64 * RanksBitBoard" (?RanksBitBoard@@3PA_JA) already defined in Board.obj
main.obj : error LNK2005: "__int64 * FilesBitBoard" (?FilesBitBoard@@3PA_JA) already defined in Board.obj
main.obj : error LNK2005: "__int64 * DiagonalBitBoard" (?DiagonalBitBoard@@3PA_JA) already defined in Board.obj
main.obj : error LNK2005: "__int64 * AntiDiagonalBitBoard" (?AntiDiagonalBitBoard@@3PA_JA) already defined in Board.obj
main.obj : error LNK2005: "class std::basic_string<char,struct std::char_traits<char>,class std::allocator<char> > FENstring" (?FENstring@@3V?$basic_string@DU?$char_traits@D@std@@V?$allocator@D@2@@std@@A) already defined in Board.obj
main.obj : error LNK2005: "class std::basic_string<char,struct std::char_traits<char>,class std::allocator<char> > last" (?last@@3V?$basic_string@DU?$char_traits@D@std@@V?$allocator@D@2@@std@@A) already defined in Board.obj
main.obj : error LNK2005: "class std::unordered_map<unsigned __int64,class BestMoveDataObject,struct std::hash<unsigned __int64>,struct std::equal_to<unsigned __int64>,class std::allocator<struct std::pair<unsigned __int64 const ,class BestMoveDataObject> > > BestMoveData" (?BestMoveData@@3V?$unordered_map@_KVBestMoveDataObject@@U?$hash@_K@std@@U?$equal_to@_K@3@V?$allocator@U?$pair@$$CB_KVBestMoveDataObject@@@std@@@3@@std@@A) already defined in Board.obj
main.obj : error LNK2005: "class std::unordered_map<unsigned __int64,short,struct std::hash<unsigned __int64>,struct std::equal_to<unsigned __int64>,class std::allocator<struct std::pair<unsigned __int64 const ,short> > > CastlingData" (?CastlingData@@3V?$unordered_map@_KFU?$hash@_K@std@@U?$equal_to@_K@2@V?$allocator@U?$pair@$$CB_KF@std@@@2@@std@@A) already defined in Board.obj
Move.obj : error LNK2005: "int * Board120" (?Board120@@3PAHA) already defined in Board.obj
Move.obj : error LNK2005: "int * Board64" (?Board64@@3PAHA) already defined in Board.obj
Move.obj : error LNK2005: "unsigned __int64 * CastleKeys" (?CastleKeys@@3PA_KA) already defined in Board.obj
Move.obj : error LNK2005: "unsigned __int64 Center" (?Center@@3_KA) already defined in Board.obj
Move.obj : error LNK2005: "unsigned __int64 ExtendedCenter" (?ExtendedCenter@@3_KA) already defined in Board.obj
Move.obj : error LNK2005: "int OffBoard" (?OffBoard@@3HA) already defined in Board.obj
Move.obj : error LNK2005: "int NodesNumber" (?NodesNumber@@3HA) already defined in Board.obj
Move.obj : error LNK2005: "int PushingPawnBonusEndGame" (?PushingPawnBonusEndGame@@3HA) already defined in Board.obj
Move.obj : error LNK2005: "long NODES" (?NODES@@3JA) already defined in Board.obj
Move.obj : error LNK2005: "float ALLTIME" (?ALLTIME@@3MA) already defined in Board.obj
Move.obj : error LNK2005: "bool Out" (?Out@@3_NA) already defined in Board.obj
Move.obj : error LNK2005: "bool FirstTime" (?FirstTime@@3_NA) already defined in Board.obj
Move.obj : error LNK2005: "bool NewGame" (?NewGame@@3_NA) already defined in Board.obj
Move.obj : error LNK2005: "bool Right" (?Right@@3_NA) already defined in Board.obj
Move.obj : error LNK2005: "bool once" (?once@@3_NA) already defined in Board.obj
Move.obj : error LNK2005: "unsigned __int64 (* PiecesHashKeysRandomNumbers)[120]" (?PiecesHashKeysRandomNumbers@@3PAY0HI@_KA) already defined in Board.obj
Move.obj : error LNK2005: "int * PiecesValues" (?PiecesValues@@3PAHA) already defined in Board.obj
Move.obj : error LNK2005: "int * PiecesColor" (?PiecesColor@@3PAHA) already defined in Board.obj
Move.obj : error LNK2005: "int * IsRookQueen" (?IsRookQueen@@3PAHA) already defined in Board.obj
Move.obj : error LNK2005: "int * IsKnight" (?IsKnight@@3PAHA) already defined in Board.obj
Move.obj : error LNK2005: "int * IsBishopQueen" (?IsBishopQueen@@3PAHA) already defined in Board.obj
Move.obj : error LNK2005: "int * IsKing" (?IsKing@@3PAHA) already defined in Board.obj
Move.obj : error LNK2005: "int * PiecesSLides" (?PiecesSLides@@3PAHA) already defined in Board.obj
Move.obj : error LNK2005: "int * SquaresAndTheirRanks" (?SquaresAndTheirRanks@@3PAHA) already defined in Board.obj
Move.obj : error LNK2005: "int * SquaresAndTheirFiles" (?SquaresAndTheirFiles@@3PAHA) already defined in Board.obj
Move.obj : error LNK2005: "int * AllDirsSizes" (?AllDirsSizes@@3PAHA) already defined in Board.obj
Move.obj : error LNK2005: "int (* AllDirs)[8]" (?AllDirs@@3PAY07HA) already defined in Board.obj
Move.obj : error LNK2005: "short (* HistoryMoves)[64]" (?HistoryMoves@@3PAY0EA@FA) already defined in Board.obj
Move.obj : error LNK2005: "short (* AllPiecesTable)[64]" (?AllPiecesTable@@3PAY0EA@FA) already defined in Board.obj
Move.obj : error LNK2005: "short * WhiteKingTableEndGame" (?WhiteKingTableEndGame@@3PAFA) already defined in Board.obj
Move.obj : error LNK2005: "short * BlackKingTableEndGame" (?BlackKingTableEndGame@@3PAFA) already defined in Board.obj
Move.obj : error LNK2005: "short * BitReverseTable256" (?BitReverseTable256@@3PAFA) already defined in Board.obj
Move.obj : error LNK2005: "__int64 * RanksBitBoard" (?RanksBitBoard@@3PA_JA) already defined in Board.obj
Move.obj : error LNK2005: "__int64 * FilesBitBoard" (?FilesBitBoard@@3PA_JA) already defined in Board.obj
Move.obj : error LNK2005: "__int64 * DiagonalBitBoard" (?DiagonalBitBoard@@3PA_JA) already defined in Board.obj
Move.obj : error LNK2005: "__int64 * AntiDiagonalBitBoard" (?AntiDiagonalBitBoard@@3PA_JA) already defined in Board.obj
Move.obj : error LNK2005: "class std::basic_string<char,struct std::char_traits<char>,class std::allocator<char> > FENstring" (?FENstring@@3V?$basic_string@DU?$char_traits@D@std@@V?$allocator@D@2@@std@@A) already defined in Board.obj
Move.obj : error LNK2005: "class std::basic_string<char,struct std::char_traits<char>,class std::allocator<char> > last" (?last@@3V?$basic_string@DU?$char_traits@D@std@@V?$allocator@D@2@@std@@A) already defined in Board.obj
Move.obj : error LNK2005: "class std::unordered_map<unsigned __int64,class BestMoveDataObject,struct std::hash<unsigned __int64>,struct std::equal_to<unsigned __int64>,class std::allocator<struct std::pair<unsigned __int64 const ,class BestMoveDataObject> > > BestMoveData" (?BestMoveData@@3V?$unordered_map@_KVBestMoveDataObject@@U?$hash@_K@std@@U?$equal_to@_K@3@V?$allocator@U?$pair@$$CB_KVBestMoveDataObject@@@std@@@3@@std@@A) already defined in Board.obj
Move.obj : error LNK2005: "class std::unordered_map<unsigned __int64,short,struct std::hash<unsigned __int64>,struct std::equal_to<unsigned __int64>,class std::allocator<struct std::pair<unsigned __int64 const ,short> > > CastlingData" (?CastlingData@@3V?$unordered_map@_KFU?$hash@_K@std@@U?$equal_to@_K@2@V?$allocator@U?$pair@$$CB_KF@std@@@2@@std@@A) already defined in Board.obj
E:\lelouch\Little_Lelouch_01\Little_Lelouch_01\lelouch\x64\Debug\lelouch.exe : fatal error LNK1169: one or more multiply defined symbols found
