e:\lelouch\little_lelouch_01\little_lelouch_01\lelouch\lelouch\x64\debug\vc140.pdb
e:\lelouch\little_lelouch_01\little_lelouch_01\lelouch\lelouch\x64\debug\vc140.idb
e:\lelouch\little_lelouch_01\little_lelouch_01\lelouch\lelouch\x64\debug\bestmove.obj
e:\lelouch\little_lelouch_01\little_lelouch_01\lelouch\lelouch\x64\debug\move.obj
e:\lelouch\little_lelouch_01\little_lelouch_01\lelouch\lelouch\x64\debug\main.obj
e:\lelouch\little_lelouch_01\little_lelouch_01\lelouch\lelouch\x64\debug\chessboard.obj
e:\lelouch\little_lelouch_01\little_lelouch_01\lelouch\lelouch\x64\debug\helpers.obj
e:\lelouch\little_lelouch_01\little_lelouch_01\lelouch\lelouch\x64\debug\board.obj
e:\lelouch\little_lelouch_01\little_lelouch_01\lelouch\x64\debug\lelouch.ilk
e:\lelouch\little_lelouch_01\little_lelouch_01\lelouch\x64\debug\lelouch.exe
e:\lelouch\little_lelouch_01\little_lelouch_01\lelouch\x64\debug\lelouch.pdb
e:\lelouch\little_lelouch_01\little_lelouch_01\lelouch\lelouch\x64\debug\lelouch.tlog\cl.command.1.tlog
e:\lelouch\little_lelouch_01\little_lelouch_01\lelouch\lelouch\x64\debug\lelouch.tlog\cl.read.1.tlog
e:\lelouch\little_lelouch_01\little_lelouch_01\lelouch\lelouch\x64\debug\lelouch.tlog\cl.write.1.tlog
e:\lelouch\little_lelouch_01\little_lelouch_01\lelouch\lelouch\x64\debug\lelouch.tlog\link.4672-cvtres.read.1.tlog
e:\lelouch\little_lelouch_01\little_lelouch_01\lelouch\lelouch\x64\debug\lelouch.tlog\link.4672-cvtres.write.1.tlog
e:\lelouch\little_lelouch_01\little_lelouch_01\lelouch\lelouch\x64\debug\lelouch.tlog\link.4672-rc.read.1.tlog
e:\lelouch\little_lelouch_01\little_lelouch_01\lelouch\lelouch\x64\debug\lelouch.tlog\link.4672-rc.write.1.tlog
e:\lelouch\little_lelouch_01\little_lelouch_01\lelouch\lelouch\x64\debug\lelouch.tlog\link.4672.read.1.tlog
e:\lelouch\little_lelouch_01\little_lelouch_01\lelouch\lelouch\x64\debug\lelouch.tlog\link.4672.write.1.tlog
e:\lelouch\little_lelouch_01\little_lelouch_01\lelouch\lelouch\x64\debug\lelouch.tlog\link.command.1.tlog
e:\lelouch\little_lelouch_01\little_lelouch_01\lelouch\lelouch\x64\debug\lelouch.tlog\link.read.1.tlog
e:\lelouch\little_lelouch_01\little_lelouch_01\lelouch\lelouch\x64\debug\lelouch.tlog\link.write.1.tlog
